<?xml version="1.0" encoding="UTF-8"?>
<!-- Generated by org.testng.reporters.JUnitReportReporter -->
<testsuite hostname="REAPER" failures="0" tests="4" name="testCases.TC003_LoginDataDrivenTest" time="43.187" errors="0" timestamp="2025-01-01T13:52:49 IST" skipped="0">
  <testcase classname="testCases.TC003_LoginDataDrivenTest" name="verify_LoginDDT" time="6.153"/>
  <system-out/>
  <testcase classname="testCases.TC003_LoginDataDrivenTest" name="verify_LoginDDT" time="6.255"/>
  <system-out/>
  <testcase classname="testCases.TC003_LoginDataDrivenTest" name="verify_LoginDDT" time="15.532"/>
  <system-out/>
  <testcase classname="testCases.TC003_LoginDataDrivenTest" name="verify_LoginDDT" time="15.247"/>
  <system-out/>
</testsuite> <!-- testCases.TC003_LoginDataDrivenTest -->
