<?xml version="1.0" encoding="UTF-8"?>
<!-- Generated by org.testng.reporters.JUnitReportReporter -->
<testsuite hostname="REAPER" failures="0" tests="1" name="testCases.TC001_AccountRegistrationTest" time="7.455" errors="0" timestamp="2025-01-09T17:50:59 IST" skipped="0">
  <testcase classname="testCases.TC001_AccountRegistrationTest" name="verify_account_registration" time="7.455"/>
</testsuite> <!-- testCases.TC001_AccountRegistrationTest -->
