<?xml version="1.0" encoding="UTF-8"?>
<!-- Generated by org.testng.reporters.JUnitReportReporter -->
<testsuite hostname="REAPER" failures="0" tests="1" name="testCases.TC002_LoginTest" time="6.530" errors="0" timestamp="2025-01-09T17:50:59 IST" skipped="0">
  <testcase classname="testCases.TC002_LoginTest" name="verify_login" time="6.530"/>
</testsuite> <!-- testCases.TC002_LoginTest -->
